This is XeTeX, Version 3.1415926-2.4-0.9998 (TeX Live 2012/Debian) (format=xelatex 2013.12.2)  2 DEC 2013 21:34
entering extended mode
 restricted \write18 enabled.
 %&-line parsing enabled.
**letter2.tex
(./letter2.tex
LaTeX2e <2011/06/27>
Babel <v3.8m> and hyphenation patterns for english, dumylang, nohyphenation, et
hiopic, farsi, arabic, pinyin, croatian, bulgarian, ukrainian, russian, slovak,
 czech, danish, dutch, usenglishmax, ukenglish, finnish, french, basque, ngerma
n, german, swissgerman, ngerman-x-2012-05-30, german-x-2012-05-30, monogreek, g
reek, ibycus, ancientgreek, hungarian, bengali, tamil, hindi, telugu, gujarati,
 sanskrit, malayalam, kannada, assamese, marathi, oriya, panjabi, italian, lati
n, latvian, lithuanian, mongolian, mongolianlmc, nynorsk, bokmal, indonesian, e
speranto, coptic, welsh, irish, interlingua, serbian, serbianc, slovenian, friu
lan, romansh, estonian, romanian, armenian, uppersorbian, turkish, afrikaans, i
celandic, kurmanji, polish, portuguese, galician, catalan, spanish, swedish, th
ai, loaded.
(/usr/share/texlive/texmf-dist/tex/latex/koma-script/scrlttr2.cls
Document Class: scrlttr2 2012/05/15 v3.11 KOMA-Script document class (letter)
(/usr/share/texlive/texmf-dist/tex/latex/koma-script/scrkbase.sty
Package: scrkbase 2012/05/15 v3.11 KOMA-Script package (KOMA-Script-dependent b
asics and keyval usage)

(/usr/share/texlive/texmf-dist/tex/latex/koma-script/scrbase.sty
Package: scrbase 2012/05/15 v3.11 KOMA-Script package (KOMA-Script-independent 
basics and keyval usage)

(/usr/share/texlive/texmf-dist/tex/latex/graphics/keyval.sty
Package: keyval 1999/03/16 v1.13 key=value parser (DPC)
\KV@toks@=\toks14
)
(/usr/share/texlive/texmf-dist/tex/latex/koma-script/scrlfile.sty
Package: scrlfile 2011/03/09 v3.09 KOMA-Script package (loading files)

Package scrlfile, 2011/03/09 v3.09 KOMA-Script package (loading files)
                  Copyright (C) Markus Kohm

)))
Class scrlttr2 Info: File `scrsize12pt.clo' used instead of
(scrlttr2)           file `scrsize12.clo' to setup font sizes on input line 117
2.
 (/usr/share/texlive/texmf-dist/tex/latex/koma-script/scrsize12pt.clo
File: scrsize12pt.clo 2012/05/15 v3.11 KOMA-Script font size class option (12pt
)
)
(/usr/share/texlive/texmf-dist/tex/latex/koma-script/typearea.sty
Package: typearea 2012/05/15 v3.11 KOMA-Script package (type area)

Package typearea, 2012/05/15 v3.11 KOMA-Script package (type area)
                  Copyright (C) Frank Neukam, 1992-1994
                  Copyright (C) Markus Kohm, 1994-

\ta@bcor=\skip41
\ta@div=\count80
\ta@hblk=\skip42
\ta@vblk=\skip43
\ta@temp=\skip44
Package typearea Info: These are the values describing the layout:
(typearea)             DIV  = 12
(typearea)             BCOR = 0.0pt
(typearea)             \paperwidth      = 597.50793pt
(typearea)              \textwidth      = 448.13095pt
(typearea)              DIV departure   = -6%
(typearea)              \evensidemargin = 2.4185pt
(typearea)              \oddsidemargin  = 2.4185pt
(typearea)             \paperheight     = 845.04694pt
(typearea)              \textheight     = 635.5pt
(typearea)              \topmargin      = -41.72441pt
(typearea)              \headheight     = 18.125pt
(typearea)              \headsep        = 21.75pt
(typearea)              \topskip        = 12.0pt
(typearea)              \footskip       = 50.75pt
(typearea)              \baselineskip   = 14.5pt
(typearea)              on input line 1211.
))
Class scrlttr2 Info: Letter-Class-Option `DIN' loaded on input line 2.
 (/usr/share/texlive/texmf-dist/tex/latex/koma-script/DIN.lco
File: DIN.lco 2012/05/15 v3.11 KOMA-Script letter-class-option
)
Class scrlttr2 Info: Letter-Class-Option `standard' loaded on input line 2.

(./standard.lco
File: standard.lco 2002/07/09 v0.9a LaTeX2e unsupported letter-class-option
) (/var/lib/texmf/tex/generic/babel/babel.sty
Package: babel 2008/07/08 v3.8m The Babel package

(/usr/share/texlive/texmf-dist/tex/generic/babel/ngermanb.ldf
Language: ngermanb 2008/07/06 v2.6n new German support from the babel system

(/usr/share/texlive/texmf-dist/tex/generic/babel/babel.def
File: babel.def 2008/07/08 v3.8m Babel common definitions
\babel@savecnt=\count81
\U@D=\dimen102
)
\l@naustrian = a dialect from \language\l@ngerman 
Package babel Info: Making " an active character on input line 92.
)) (./letter2.aux)
\openout1 = `letter2.aux'.

LaTeX Font Info:    Checking defaults for OML/cmm/m/it on input line 4.
LaTeX Font Info:    ... okay on input line 4.
LaTeX Font Info:    Checking defaults for T1/cmr/m/n on input line 4.
LaTeX Font Info:    ... okay on input line 4.
LaTeX Font Info:    Checking defaults for OT1/cmr/m/n on input line 4.
LaTeX Font Info:    ... okay on input line 4.
LaTeX Font Info:    Checking defaults for OMS/cmsy/m/n on input line 4.
LaTeX Font Info:    ... okay on input line 4.
LaTeX Font Info:    Checking defaults for OMX/cmex/m/n on input line 4.
LaTeX Font Info:    ... okay on input line 4.
LaTeX Font Info:    Checking defaults for U/cmr/m/n on input line 4.
LaTeX Font Info:    ... okay on input line 4.
Package scrbase Info: No captions found for `USenglish'
(scrbase)             --> skipped on input line 4.
Class scrlttr2 Info: no date found for language `USenglish'
(scrlttr2)           --> skipped on input line 4.
Package scrbase Info: No captions found for `american'
(scrbase)             --> skipped on input line 4.
Class scrlttr2 Info: no date found for language `american'
(scrlttr2)           --> skipped on input line 4.
Package scrbase Info: No captions found for `british'
(scrbase)             --> skipped on input line 4.
Class scrlttr2 Info: no date found for language `british'
(scrlttr2)           --> skipped on input line 4.
Package scrbase Info: No captions found for `UKenglish'
(scrbase)             --> skipped on input line 4.
Class scrlttr2 Info: no date found for language `UKenglish'
(scrlttr2)           --> skipped on input line 4.
Package scrbase Info: No captions found for `german'
(scrbase)             --> skipped on input line 4.
Class scrlttr2 Info: no date found for language `german'
(scrlttr2)           --> skipped on input line 4.
Package scrbase Info: `\ccname' at language `ngerman' already defined
(scrbase)             --> skipped on input line 4.
Package scrbase Info: `\enclname' at language `ngerman' already defined
(scrbase)             --> skipped on input line 4.
Package scrbase Info: `\headtoname' at language `ngerman' already defined
(scrbase)             --> skipped on input line 4.
Package scrbase Info: `\pagename' at language `ngerman' already defined
(scrbase)             --> skipped on input line 4.
Package scrbase Info: No captions found for `austrian'
(scrbase)             --> skipped on input line 4.
Class scrlttr2 Info: no date found for language `austrian'
(scrlttr2)           --> skipped on input line 4.
Package scrbase Info: No captions found for `naustrian'
(scrbase)             --> skipped on input line 4.
Package scrbase Info: No captions found for `french'
(scrbase)             --> skipped on input line 4.
Class scrlttr2 Info: no date found for language `french'
(scrlttr2)           --> skipped on input line 4.
Package scrbase Info: No captions found for `italian'
(scrbase)             --> skipped on input line 4.
Class scrlttr2 Info: no date found for language `italian'
(scrlttr2)           --> skipped on input line 4.
Package scrbase Info: No captions found for `spanish'
(scrbase)             --> skipped on input line 4.
Class scrlttr2 Info: no date found for language `spanish'
(scrlttr2)           --> skipped on input line 4.
Package scrbase Info: No captions found for `croatian'
(scrbase)             --> skipped on input line 4.
Class scrlttr2 Info: no date found for language `croatian'
(scrlttr2)           --> skipped on input line 4.
Package scrbase Info: No captions found for `dutch'
(scrbase)             --> skipped on input line 4.
Class scrlttr2 Info: no date found for language `dutch'
(scrlttr2)           --> skipped on input line 4.
Package scrbase Info: No captions found for `finnish'
(scrbase)             --> skipped on input line 4.
Class scrlttr2 Info: no date found for language `finnish'
(scrlttr2)           --> skipped on input line 4.
Package scrbase Info: No captions found for `norsk'
(scrbase)             --> skipped on input line 4.
Class scrlttr2 Info: no date found for language `norsk'
(scrlttr2)           --> skipped on input line 4.
Package scrbase Info: No captions found for `swedish'
(scrbase)             --> skipped on input line 4.
Class scrlttr2 Info: no date found for language `swedish'
(scrlttr2)           --> skipped on input line 4.
Class scrlttr2 Info: used language is `ngerman'.
(scrlttr2)           Supported languages are `english', `UKenglish',
(scrlttr2)           `british', `american', `USenglish',
(scrlttr2)           `german', `ngerman', `austrian', `naustrian',
(scrlttr2)           `dutch', `italian', `spanish',
(scrlttr2)           `croatian', `finnish', `norsk' on input line 4.

Foldmarks: yes
Head of first page
Foot of first page
Address (backaddress, addressee)
LaTeX Font Info:    External font `cmex10' loaded for size
(Font)              <12> on input line 13.
LaTeX Font Info:    External font `cmex10' loaded for size
(Font)              <8> on input line 13.
LaTeX Font Info:    External font `cmex10' loaded for size
(Font)              <6> on input line 13.
Location field: empty
Title: no
Subject: before opening
[1

] (./letter2.aux) ) 
Here is how much of TeX's memory you used:
 1530 strings out of 494003
 23357 string characters out of 3152809
 127097 words of memory out of 3000000
 4832 multiletter control sequences out of 15000+200000
 6983 words of font info for 25 fonts, out of 3000000 for 9000
 1144 hyphenation exceptions out of 8191
 35i,8n,35p,605b,200s stack positions out of 5000i,500n,10000p,200000b,50000s

Output written on letter2.pdf (1 page).
